2024-09-19 12:56:22,238 - Environment info:
------------------------------------------------------------
sys.platform: linux
Python: 3.9.0 (default, Nov 15 2020, 14:28:56) [GCC 7.3.0]
CUDA available: True
CUDA_HOME: /usr/local/cuda
NVCC: 
GPU 0: Tesla V100-SXM2-32GB
GCC: gcc (GCC) 8.5.0 20210514 (Red Hat 8.5.0-18)
PyTorch: 2.1.0+cu121
PyTorch compiling details: PyTorch built with:
  - GCC 9.3
  - C++ Version: 201703
  - Intel(R) oneAPI Math Kernel Library Version 2021.4-Product Build 20210904 for Intel(R) 64 architecture applications
  - Intel(R) MKL-DNN v3.1.1 (Git Hash 64f6bcbcbab628e96f33a62c3e975f8535a7bde4)
  - OpenMP 201511 (a.k.a. OpenMP 4.5)
  - LAPACK is enabled (usually provided by MKL)
  - NNPACK is enabled
  - CPU capability usage: AVX512
  - CUDA Runtime 12.1
  - NVCC architecture flags: -gencode;arch=compute_50,code=sm_50;-gencode;arch=compute_60,code=sm_60;-gencode;arch=compute_70,code=sm_70;-gencode;arch=compute_75,code=sm_75;-gencode;arch=compute_80,code=sm_80;-gencode;arch=compute_86,code=sm_86;-gencode;arch=compute_90,code=sm_90
  - CuDNN 8.9.2
  - Magma 2.6.1
  - Build settings: BLAS_INFO=mkl, BUILD_TYPE=Release, CUDA_VERSION=12.1, CUDNN_VERSION=8.9.2, CXX_COMPILER=/opt/rh/devtoolset-9/root/usr/bin/c++, CXX_FLAGS= -D_GLIBCXX_USE_CXX11_ABI=0 -fabi-version=11 -fvisibility-inlines-hidden -DUSE_PTHREADPOOL -DNDEBUG -DUSE_KINETO -DLIBKINETO_NOROCTRACER -DUSE_FBGEMM -DUSE_QNNPACK -DUSE_PYTORCH_QNNPACK -DUSE_XNNPACK -DSYMBOLICATE_MOBILE_DEBUG_HANDLE -O2 -fPIC -Wall -Wextra -Werror=return-type -Werror=non-virtual-dtor -Werror=bool-operation -Wnarrowing -Wno-missing-field-initializers -Wno-type-limits -Wno-array-bounds -Wno-unknown-pragmas -Wno-unused-parameter -Wno-unused-function -Wno-unused-result -Wno-strict-overflow -Wno-strict-aliasing -Wno-stringop-overflow -Wno-psabi -Wno-error=pedantic -Wno-error=old-style-cast -Wno-invalid-partial-specialization -Wno-unused-private-field -Wno-aligned-allocation-unavailable -Wno-missing-braces -fdiagnostics-color=always -faligned-new -Wno-unused-but-set-variable -Wno-maybe-uninitialized -fno-math-errno -fno-trapping-math -Werror=format -Werror=cast-function-type -Wno-stringop-overflow, LAPACK_INFO=mkl, PERF_WITH_AVX=1, PERF_WITH_AVX2=1, PERF_WITH_AVX512=1, TORCH_DISABLE_GPU_ASSERTS=ON, TORCH_VERSION=2.1.0, USE_CUDA=ON, USE_CUDNN=ON, USE_EXCEPTION_PTR=1, USE_GFLAGS=OFF, USE_GLOG=OFF, USE_MKL=ON, USE_MKLDNN=ON, USE_MPI=OFF, USE_NCCL=1, USE_NNPACK=ON, USE_OPENMP=ON, USE_ROCM=OFF, 

TorchVision: 0.16.0+cu121
OpenCV: 4.10.0
openstl: 1.0.0
------------------------------------------------------------

2024-09-19 12:56:22,240 - 
device: 	cuda	
dist: 	False	
res_dir: 	work_dirs	
ex_name: 	custom_exp	
fp16: 	False	
torchscript: 	False	
seed: 	42	
fps: 	False	
test: 	False	
deterministic: 	False	
batch_size: 	5	
val_batch_size: 	5	
num_workers: 	4	
data_root: 	./data	
dataname: 	custom	
pre_seq_length: 	10	
aft_seq_length: 	20	
total_length: 	30	
use_augment: 	False	
use_prefetcher: 	False	
drop_last: 	False	
method: 	simvp	
config_file: 	None	
model_type: 	gSTA	
drop: 	0.0	
drop_path: 	0.0	
overwrite: 	False	
epoch: 	100	
log_step: 	1	
opt: 	adam	
opt_eps: 	None	
opt_betas: 	None	
momentum: 	0.9	
weight_decay: 	0.0	
clip_grad: 	None	
clip_mode: 	norm	
no_display_method_info: 	False	
sched: 	onecycle	
lr: 	0.001	
lr_k_decay: 	1.0	
warmup_lr: 	1e-05	
min_lr: 	1e-06	
final_div_factor: 	10000.0	
warmup_epoch: 	0	
decay_epoch: 	100	
decay_rate: 	0.1	
filter_bias_and_bn: 	False	
gpus: 	[0]	
metric_for_bestckpt: 	val_loss	
ckpt_path: 	None	
metrics: 	['mse', 'mae']	
in_shape: 	[10, 1, 32, 32]	
N_S: 	4	
N_T: 	8	
hid_S: 	64	
hid_T: 	256	
2024-09-19 12:56:22,240 - Model info:
SimVP_Model(
  (enc): Encoder(
    (enc): Sequential(
      (0): ConvSC(
        (conv): BasicConv2d(
          (conv): Conv2d(1, 64, kernel_size=(3, 3), stride=(1, 1), padding=(1, 1))
          (norm): GroupNorm(2, 64, eps=1e-05, affine=True)
          (act): SiLU()
        )
      )
      (1): ConvSC(
        (conv): BasicConv2d(
          (conv): Conv2d(64, 64, kernel_size=(3, 3), stride=(2, 2), padding=(1, 1))
          (norm): GroupNorm(2, 64, eps=1e-05, affine=True)
          (act): SiLU()
        )
      )
      (2): ConvSC(
        (conv): BasicConv2d(
          (conv): Conv2d(64, 64, kernel_size=(3, 3), stride=(1, 1), padding=(1, 1))
          (norm): GroupNorm(2, 64, eps=1e-05, affine=True)
          (act): SiLU()
        )
      )
      (3): ConvSC(
        (conv): BasicConv2d(
          (conv): Conv2d(64, 64, kernel_size=(3, 3), stride=(2, 2), padding=(1, 1))
          (norm): GroupNorm(2, 64, eps=1e-05, affine=True)
          (act): SiLU()
        )
      )
    )
  )
  (dec): Decoder(
    (dec): Sequential(
      (0): ConvSC(
        (conv): BasicConv2d(
          (conv): Sequential(
            (0): Conv2d(64, 256, kernel_size=(3, 3), stride=(1, 1), padding=(1, 1))
            (1): PixelShuffle(upscale_factor=2)
          )
          (norm): GroupNorm(2, 64, eps=1e-05, affine=True)
          (act): SiLU()
        )
      )
      (1): ConvSC(
        (conv): BasicConv2d(
          (conv): Conv2d(64, 64, kernel_size=(3, 3), stride=(1, 1), padding=(1, 1))
          (norm): GroupNorm(2, 64, eps=1e-05, affine=True)
          (act): SiLU()
        )
      )
      (2): ConvSC(
        (conv): BasicConv2d(
          (conv): Sequential(
            (0): Conv2d(64, 256, kernel_size=(3, 3), stride=(1, 1), padding=(1, 1))
            (1): PixelShuffle(upscale_factor=2)
          )
          (norm): GroupNorm(2, 64, eps=1e-05, affine=True)
          (act): SiLU()
        )
      )
      (3): ConvSC(
        (conv): BasicConv2d(
          (conv): Conv2d(64, 64, kernel_size=(3, 3), stride=(1, 1), padding=(1, 1))
          (norm): GroupNorm(2, 64, eps=1e-05, affine=True)
          (act): SiLU()
        )
      )
    )
    (readout): Conv2d(64, 1, kernel_size=(1, 1), stride=(1, 1))
  )
  (hid): MidMetaNet(
    (enc): Sequential(
      (0): MetaBlock(
        (block): GASubBlock(
          (norm1): BatchNorm2d(640, eps=1e-05, momentum=0.1, affine=True, track_running_stats=True)
          (attn): SpatialAttention(
            (proj_1): Conv2d(640, 640, kernel_size=(1, 1), stride=(1, 1))
            (activation): GELU(approximate='none')
            (spatial_gating_unit): AttentionModule(
              (conv0): Conv2d(640, 640, kernel_size=(5, 5), stride=(1, 1), padding=(2, 2), groups=640)
              (conv_spatial): Conv2d(640, 640, kernel_size=(7, 7), stride=(1, 1), padding=(9, 9), dilation=(3, 3), groups=640)
              (conv1): Conv2d(640, 1280, kernel_size=(1, 1), stride=(1, 1))
            )
            (proj_2): Conv2d(640, 640, kernel_size=(1, 1), stride=(1, 1))
          )
          (drop_path): DropPath(drop_prob=0.010)
          (norm2): BatchNorm2d(640, eps=1e-05, momentum=0.1, affine=True, track_running_stats=True)
          (mlp): MixMlp(
            (fc1): Conv2d(640, 5120, kernel_size=(1, 1), stride=(1, 1))
            (dwconv): DWConv(
              (dwconv): Conv2d(5120, 5120, kernel_size=(3, 3), stride=(1, 1), padding=(1, 1), groups=5120)
            )
            (act): GELU(approximate='none')
            (fc2): Conv2d(5120, 640, kernel_size=(1, 1), stride=(1, 1))
            (drop): Dropout(p=0.0, inplace=False)
          )
        )
        (reduction): Conv2d(640, 256, kernel_size=(1, 1), stride=(1, 1))
      )
      (1): MetaBlock(
        (block): GASubBlock(
          (norm1): BatchNorm2d(256, eps=1e-05, momentum=0.1, affine=True, track_running_stats=True)
          (attn): SpatialAttention(
            (proj_1): Conv2d(256, 256, kernel_size=(1, 1), stride=(1, 1))
            (activation): GELU(approximate='none')
            (spatial_gating_unit): AttentionModule(
              (conv0): Conv2d(256, 256, kernel_size=(5, 5), stride=(1, 1), padding=(2, 2), groups=256)
              (conv_spatial): Conv2d(256, 256, kernel_size=(7, 7), stride=(1, 1), padding=(9, 9), dilation=(3, 3), groups=256)
              (conv1): Conv2d(256, 512, kernel_size=(1, 1), stride=(1, 1))
            )
            (proj_2): Conv2d(256, 256, kernel_size=(1, 1), stride=(1, 1))
          )
          (drop_path): DropPath(drop_prob=0.009)
          (norm2): BatchNorm2d(256, eps=1e-05, momentum=0.1, affine=True, track_running_stats=True)
          (mlp): MixMlp(
            (fc1): Conv2d(256, 2048, kernel_size=(1, 1), stride=(1, 1))
            (dwconv): DWConv(
              (dwconv): Conv2d(2048, 2048, kernel_size=(3, 3), stride=(1, 1), padding=(1, 1), groups=2048)
            )
            (act): GELU(approximate='none')
            (fc2): Conv2d(2048, 256, kernel_size=(1, 1), stride=(1, 1))
            (drop): Dropout(p=0.0, inplace=False)
          )
        )
      )
      (2): MetaBlock(
        (block): GASubBlock(
          (norm1): BatchNorm2d(256, eps=1e-05, momentum=0.1, affine=True, track_running_stats=True)
          (attn): SpatialAttention(
            (proj_1): Conv2d(256, 256, kernel_size=(1, 1), stride=(1, 1))
            (activation): GELU(approximate='none')
            (spatial_gating_unit): AttentionModule(
              (conv0): Conv2d(256, 256, kernel_size=(5, 5), stride=(1, 1), padding=(2, 2), groups=256)
              (conv_spatial): Conv2d(256, 256, kernel_size=(7, 7), stride=(1, 1), padding=(9, 9), dilation=(3, 3), groups=256)
              (conv1): Conv2d(256, 512, kernel_size=(1, 1), stride=(1, 1))
            )
            (proj_2): Conv2d(256, 256, kernel_size=(1, 1), stride=(1, 1))
          )
          (drop_path): DropPath(drop_prob=0.007)
          (norm2): BatchNorm2d(256, eps=1e-05, momentum=0.1, affine=True, track_running_stats=True)
          (mlp): MixMlp(
            (fc1): Conv2d(256, 2048, kernel_size=(1, 1), stride=(1, 1))
            (dwconv): DWConv(
              (dwconv): Conv2d(2048, 2048, kernel_size=(3, 3), stride=(1, 1), padding=(1, 1), groups=2048)
            )
            (act): GELU(approximate='none')
            (fc2): Conv2d(2048, 256, kernel_size=(1, 1), stride=(1, 1))
            (drop): Dropout(p=0.0, inplace=False)
          )
        )
      )
      (3): MetaBlock(
        (block): GASubBlock(
          (norm1): BatchNorm2d(256, eps=1e-05, momentum=0.1, affine=True, track_running_stats=True)
          (attn): SpatialAttention(
            (proj_1): Conv2d(256, 256, kernel_size=(1, 1), stride=(1, 1))
            (activation): GELU(approximate='none')
            (spatial_gating_unit): AttentionModule(
              (conv0): Conv2d(256, 256, kernel_size=(5, 5), stride=(1, 1), padding=(2, 2), groups=256)
              (conv_spatial): Conv2d(256, 256, kernel_size=(7, 7), stride=(1, 1), padding=(9, 9), dilation=(3, 3), groups=256)
              (conv1): Conv2d(256, 512, kernel_size=(1, 1), stride=(1, 1))
            )
            (proj_2): Conv2d(256, 256, kernel_size=(1, 1), stride=(1, 1))
          )
          (drop_path): DropPath(drop_prob=0.006)
          (norm2): BatchNorm2d(256, eps=1e-05, momentum=0.1, affine=True, track_running_stats=True)
          (mlp): MixMlp(
            (fc1): Conv2d(256, 2048, kernel_size=(1, 1), stride=(1, 1))
            (dwconv): DWConv(
              (dwconv): Conv2d(2048, 2048, kernel_size=(3, 3), stride=(1, 1), padding=(1, 1), groups=2048)
            )
            (act): GELU(approximate='none')
            (fc2): Conv2d(2048, 256, kernel_size=(1, 1), stride=(1, 1))
            (drop): Dropout(p=0.0, inplace=False)
          )
        )
      )
      (4): MetaBlock(
        (block): GASubBlock(
          (norm1): BatchNorm2d(256, eps=1e-05, momentum=0.1, affine=True, track_running_stats=True)
          (attn): SpatialAttention(
            (proj_1): Conv2d(256, 256, kernel_size=(1, 1), stride=(1, 1))
            (activation): GELU(approximate='none')
            (spatial_gating_unit): AttentionModule(
              (conv0): Conv2d(256, 256, kernel_size=(5, 5), stride=(1, 1), padding=(2, 2), groups=256)
              (conv_spatial): Conv2d(256, 256, kernel_size=(7, 7), stride=(1, 1), padding=(9, 9), dilation=(3, 3), groups=256)
              (conv1): Conv2d(256, 512, kernel_size=(1, 1), stride=(1, 1))
            )
            (proj_2): Conv2d(256, 256, kernel_size=(1, 1), stride=(1, 1))
          )
          (drop_path): DropPath(drop_prob=0.004)
          (norm2): BatchNorm2d(256, eps=1e-05, momentum=0.1, affine=True, track_running_stats=True)
          (mlp): MixMlp(
            (fc1): Conv2d(256, 2048, kernel_size=(1, 1), stride=(1, 1))
            (dwconv): DWConv(
              (dwconv): Conv2d(2048, 2048, kernel_size=(3, 3), stride=(1, 1), padding=(1, 1), groups=2048)
            )
            (act): GELU(approximate='none')
            (fc2): Conv2d(2048, 256, kernel_size=(1, 1), stride=(1, 1))
            (drop): Dropout(p=0.0, inplace=False)
          )
        )
      )
      (5): MetaBlock(
        (block): GASubBlock(
          (norm1): BatchNorm2d(256, eps=1e-05, momentum=0.1, affine=True, track_running_stats=True)
          (attn): SpatialAttention(
            (proj_1): Conv2d(256, 256, kernel_size=(1, 1), stride=(1, 1))
            (activation): GELU(approximate='none')
            (spatial_gating_unit): AttentionModule(
              (conv0): Conv2d(256, 256, kernel_size=(5, 5), stride=(1, 1), padding=(2, 2), groups=256)
              (conv_spatial): Conv2d(256, 256, kernel_size=(7, 7), stride=(1, 1), padding=(9, 9), dilation=(3, 3), groups=256)
              (conv1): Conv2d(256, 512, kernel_size=(1, 1), stride=(1, 1))
            )
            (proj_2): Conv2d(256, 256, kernel_size=(1, 1), stride=(1, 1))
          )
          (drop_path): DropPath(drop_prob=0.003)
          (norm2): BatchNorm2d(256, eps=1e-05, momentum=0.1, affine=True, track_running_stats=True)
          (mlp): MixMlp(
            (fc1): Conv2d(256, 2048, kernel_size=(1, 1), stride=(1, 1))
            (dwconv): DWConv(
              (dwconv): Conv2d(2048, 2048, kernel_size=(3, 3), stride=(1, 1), padding=(1, 1), groups=2048)
            )
            (act): GELU(approximate='none')
            (fc2): Conv2d(2048, 256, kernel_size=(1, 1), stride=(1, 1))
            (drop): Dropout(p=0.0, inplace=False)
          )
        )
      )
      (6): MetaBlock(
        (block): GASubBlock(
          (norm1): BatchNorm2d(256, eps=1e-05, momentum=0.1, affine=True, track_running_stats=True)
          (attn): SpatialAttention(
            (proj_1): Conv2d(256, 256, kernel_size=(1, 1), stride=(1, 1))
            (activation): GELU(approximate='none')
            (spatial_gating_unit): AttentionModule(
              (conv0): Conv2d(256, 256, kernel_size=(5, 5), stride=(1, 1), padding=(2, 2), groups=256)
              (conv_spatial): Conv2d(256, 256, kernel_size=(7, 7), stride=(1, 1), padding=(9, 9), dilation=(3, 3), groups=256)
              (conv1): Conv2d(256, 512, kernel_size=(1, 1), stride=(1, 1))
            )
            (proj_2): Conv2d(256, 256, kernel_size=(1, 1), stride=(1, 1))
          )
          (drop_path): DropPath(drop_prob=0.001)
          (norm2): BatchNorm2d(256, eps=1e-05, momentum=0.1, affine=True, track_running_stats=True)
          (mlp): MixMlp(
            (fc1): Conv2d(256, 2048, kernel_size=(1, 1), stride=(1, 1))
            (dwconv): DWConv(
              (dwconv): Conv2d(2048, 2048, kernel_size=(3, 3), stride=(1, 1), padding=(1, 1), groups=2048)
            )
            (act): GELU(approximate='none')
            (fc2): Conv2d(2048, 256, kernel_size=(1, 1), stride=(1, 1))
            (drop): Dropout(p=0.0, inplace=False)
          )
        )
      )
      (7): MetaBlock(
        (block): GASubBlock(
          (norm1): BatchNorm2d(256, eps=1e-05, momentum=0.1, affine=True, track_running_stats=True)
          (attn): SpatialAttention(
            (proj_1): Conv2d(256, 256, kernel_size=(1, 1), stride=(1, 1))
            (activation): GELU(approximate='none')
            (spatial_gating_unit): AttentionModule(
              (conv0): Conv2d(256, 256, kernel_size=(5, 5), stride=(1, 1), padding=(2, 2), groups=256)
              (conv_spatial): Conv2d(256, 256, kernel_size=(7, 7), stride=(1, 1), padding=(9, 9), dilation=(3, 3), groups=256)
              (conv1): Conv2d(256, 512, kernel_size=(1, 1), stride=(1, 1))
            )
            (proj_2): Conv2d(256, 256, kernel_size=(1, 1), stride=(1, 1))
          )
          (drop_path): Identity()
          (norm2): BatchNorm2d(256, eps=1e-05, momentum=0.1, affine=True, track_running_stats=True)
          (mlp): MixMlp(
            (fc1): Conv2d(256, 2048, kernel_size=(1, 1), stride=(1, 1))
            (dwconv): DWConv(
              (dwconv): Conv2d(2048, 2048, kernel_size=(3, 3), stride=(1, 1), padding=(1, 1), groups=2048)
            )
            (act): GELU(approximate='none')
            (fc2): Conv2d(2048, 256, kernel_size=(1, 1), stride=(1, 1))
            (drop): Dropout(p=0.0, inplace=False)
          )
        )
        (reduction): Conv2d(256, 640, kernel_size=(1, 1), stride=(1, 1))
      )
    )
  )
)
| module                           | #parameters or shape   | #flops     |
|:---------------------------------|:-----------------------|:-----------|
| model                            | 18.603M                | 2.333G     |
|  enc.enc                         |  0.112M                |  0.223G    |
|   enc.enc.0.conv                 |   0.768K               |   9.175M   |
|    enc.enc.0.conv.conv           |    0.64K               |    5.898M  |
|    enc.enc.0.conv.norm           |    0.128K              |    3.277M  |
|   enc.enc.1.conv                 |   37.056K              |   95.191M  |
|    enc.enc.1.conv.conv           |    36.928K             |    94.372M |
|    enc.enc.1.conv.norm           |    0.128K              |    0.819M  |
|   enc.enc.2.conv                 |   37.056K              |   95.191M  |
|    enc.enc.2.conv.conv           |    36.928K             |    94.372M |
|    enc.enc.2.conv.norm           |    0.128K              |    0.819M  |
|   enc.enc.3.conv                 |   37.056K              |   23.798M  |
|    enc.enc.3.conv.conv           |    36.928K             |    23.593M |
|    enc.enc.3.conv.norm           |    0.128K              |    0.205M  |
|  dec                             |  0.37M                 |  0.953G    |
|   dec.dec                        |   0.37M                |   0.952G   |
|    dec.dec.0.conv                |    0.148M              |    95.191M |
|    dec.dec.1.conv                |    37.056K             |    95.191M |
|    dec.dec.2.conv                |    0.148M              |    0.381G  |
|    dec.dec.3.conv                |    37.056K             |    0.381G  |
|   dec.readout                    |   65                   |   0.655M   |
|    dec.readout.weight            |    (1, 64, 1, 1)       |            |
|    dec.readout.bias              |    (1,)                |            |
|  hid.enc                         |  18.121M               |  1.157G    |
|   hid.enc.0                      |   8.468M               |   0.541G   |
|    hid.enc.0.block               |    8.304M              |    0.531G  |
|    hid.enc.0.reduction           |    0.164M              |    10.486M |
|   hid.enc.1.block                |   1.356M               |   86.442M  |
|    hid.enc.1.block.layer_scale_1 |    (256,)              |            |
|    hid.enc.1.block.layer_scale_2 |    (256,)              |            |
|    hid.enc.1.block.norm1         |    0.512K              |    81.92K  |
|    hid.enc.1.block.attn          |    0.283M              |    17.99M  |
|    hid.enc.1.block.norm2         |    0.512K              |    81.92K  |
|    hid.enc.1.block.mlp           |    1.071M              |    68.289M |
|   hid.enc.2.block                |   1.356M               |   86.442M  |
|    hid.enc.2.block.layer_scale_1 |    (256,)              |            |
|    hid.enc.2.block.layer_scale_2 |    (256,)              |            |
|    hid.enc.2.block.norm1         |    0.512K              |    81.92K  |
|    hid.enc.2.block.attn          |    0.283M              |    17.99M  |
|    hid.enc.2.block.norm2         |    0.512K              |    81.92K  |
|    hid.enc.2.block.mlp           |    1.071M              |    68.289M |
|   hid.enc.3.block                |   1.356M               |   86.442M  |
|    hid.enc.3.block.layer_scale_1 |    (256,)              |            |
|    hid.enc.3.block.layer_scale_2 |    (256,)              |            |
|    hid.enc.3.block.norm1         |    0.512K              |    81.92K  |
|    hid.enc.3.block.attn          |    0.283M              |    17.99M  |
|    hid.enc.3.block.norm2         |    0.512K              |    81.92K  |
|    hid.enc.3.block.mlp           |    1.071M              |    68.289M |
|   hid.enc.4.block                |   1.356M               |   86.442M  |
|    hid.enc.4.block.layer_scale_1 |    (256,)              |            |
|    hid.enc.4.block.layer_scale_2 |    (256,)              |            |
|    hid.enc.4.block.norm1         |    0.512K              |    81.92K  |
|    hid.enc.4.block.attn          |    0.283M              |    17.99M  |
|    hid.enc.4.block.norm2         |    0.512K              |    81.92K  |
|    hid.enc.4.block.mlp           |    1.071M              |    68.289M |
|   hid.enc.5.block                |   1.356M               |   86.442M  |
|    hid.enc.5.block.layer_scale_1 |    (256,)              |            |
|    hid.enc.5.block.layer_scale_2 |    (256,)              |            |
|    hid.enc.5.block.norm1         |    0.512K              |    81.92K  |
|    hid.enc.5.block.attn          |    0.283M              |    17.99M  |
|    hid.enc.5.block.norm2         |    0.512K              |    81.92K  |
|    hid.enc.5.block.mlp           |    1.071M              |    68.289M |
|   hid.enc.6.block                |   1.356M               |   86.442M  |
|    hid.enc.6.block.layer_scale_1 |    (256,)              |            |
|    hid.enc.6.block.layer_scale_2 |    (256,)              |            |
|    hid.enc.6.block.norm1         |    0.512K              |    81.92K  |
|    hid.enc.6.block.attn          |    0.283M              |    17.99M  |
|    hid.enc.6.block.norm2         |    0.512K              |    81.92K  |
|    hid.enc.6.block.mlp           |    1.071M              |    68.289M |
|   hid.enc.7                      |   1.52M                |   96.928M  |
|    hid.enc.7.block               |    1.356M              |    86.442M |
|    hid.enc.7.reduction           |    0.164M              |    10.486M |
--------------------------------------------------------------------------------

2024-09-19 12:58:59,459 - Epoch 1: Lr: 0.0000505 | Train Loss: 0.0672820 | Vali Loss: 0.0225043
2024-09-19 12:59:18,278 - Epoch 2: Lr: 0.0000636 | Train Loss: 0.0271186 | Vali Loss: 0.0148237
2024-09-19 12:59:30,566 - Epoch 3: Lr: 0.0000817 | Train Loss: 0.0177211 | Vali Loss: 0.0110262
2024-09-19 12:59:43,208 - Epoch 4: Lr: 0.0001046 | Train Loss: 0.0134437 | Vali Loss: 0.0098857
